<?xml version="1.0" encoding="UTF-8"?>
<!-- Generated by org.testng.reporters.JUnitReportReporter -->
<testsuite hostname="DESKTOP-2HPPB5O" failures="0" tests="3" name="testNG.TestNG5" time="0.025" errors="0" timestamp="2022-09-20T19:16:13 IST" skipped="1">
  <testcase classname="testNG.TestNG5" name="c" time="0.021"/>
  <system-out/>
  <testcase classname="testNG.TestNG5" name="a" time="0.004"/>
  <system-out/>
  <testcase classname="testNG.TestNG5" name="b">
    <skipped/>
  </testcase> <!-- b -->
  <system-out/>
</testsuite> <!-- testNG.TestNG5 -->
