<?xml version="1.0" encoding="UTF-8"?>
<!-- Generated by org.testng.reporters.JUnitReportReporter -->
<testsuite hostname="DESKTOP-2HPPB5O" failures="0" tests="2" name="testNG.TestNG01" time="0.023" errors="0" timestamp="2022-09-22T15:02:53 IST" skipped="0">
  <testcase classname="testNG.TestNG01" name="a2" time="0.006"/>
  <system-out/>
  <testcase classname="testNG.TestNG01" name="a1" time="0.017"/>
  <system-out/>
</testsuite> <!-- testNG.TestNG01 -->
