<?xml version="1.0" encoding="UTF-8"?>
<!-- Generated by org.testng.reporters.JUnitReportReporter -->
<testsuite hostname="DESKTOP-2HPPB5O" failures="0" tests="3" name="testNG.TestNG6" time="0.092" errors="0" timestamp="2022-09-22T16:38:50 IST" skipped="1">
  <testcase classname="testNG.TestNG6" name="b" time="0.017"/>
  <system-out/>
  <testcase classname="testNG.TestNG6" name="a" time="0.056"/>
  <system-out/>
  <testcase classname="testNG.TestNG6" name="c" time="0.019">
    <skipped/>
  </testcase> <!-- c -->
  <system-out/>
</testsuite> <!-- testNG.TestNG6 -->
