<?xml version="1.0" encoding="UTF-8"?>
<!-- Generated by org.testng.reporters.JUnitReportReporter -->
<testsuite hostname="DESKTOP-2HPPB5O" failures="0" tests="1" name="testNG.TestNG2" time="0.032" errors="0" timestamp="2022-09-22T15:31:59 IST" skipped="0">
  <testcase classname="testNG.TestNG2" name="assertionCheck" time="0.032"/>
  <system-out/>
</testsuite> <!-- testNG.TestNG2 -->
