<?xml version="1.0" encoding="UTF-8"?>
<!-- Generated by org.testng.reporters.JUnitReportReporter -->
<testsuite hostname="DESKTOP-2HPPB5O" failures="0" tests="4" name="testNG.TestNG4" time="0.054" errors="0" timestamp="2022-09-20T19:16:12 IST" skipped="1">
  <testcase classname="testNG.TestNG4" name="c" time="0.006"/>
  <system-out/>
  <testcase classname="testNG.TestNG4" name="a" time="0.041"/>
  <system-out/>
  <testcase classname="testNG.TestNG4" name="c" time="0.007"/>
  <system-out/>
  <testcase classname="testNG.TestNG4" name="b">
    <skipped/>
  </testcase> <!-- b -->
  <system-out/>
</testsuite> <!-- testNG.TestNG4 -->
