<?xml version="1.0" encoding="UTF-8"?>
<!-- Generated by org.testng.reporters.JUnitReportReporter -->
<testsuite hostname="DESKTOP-2HPPB5O" failures="0" tests="5" name="testNG.TestNG3" time="0.066" errors="0" timestamp="2022-09-22T15:48:07 IST" skipped="0">
  <testcase classname="testNG.TestNG3" name="z" time="0.029"/>
  <system-out/>
  <testcase classname="testNG.TestNG3" name="b" time="0.005"/>
  <system-out/>
  <testcase classname="testNG.TestNG3" name="a" time="0.011"/>
  <system-out/>
  <testcase classname="testNG.TestNG3" name="p2" time="0.017"/>
  <system-out/>
  <testcase classname="testNG.TestNG3" name="p1" time="0.004"/>
  <system-out/>
</testsuite> <!-- testNG.TestNG3 -->
